<?xml version="1.0" encoding="utf-8"?><testsuites name="pytest tests"><testsuite name="pytest" errors="0" failures="1" skipped="1" tests="3" time="0.023" timestamp="2026-06-20T15:17:18.795684+02:00" hostname="DESKTOP-I9APAL0"><testcase classname="test.test" name="test_neg" time="0.000" /><testcase classname="test.test" name="test_pos" time="0.000"><failure message="assert False">def test_pos():
&gt;       assert False
E       assert False

test/test.py:7: AssertionError</failure></testcase><testcase classname="test.test" name="test_skip" time="0.000"><skipped type="pytest.skip" message="this test will be skipped, to show how skipped tests are handled">/home/ruben/dev/bachelor/project/testformat_evaluation/src/python/src/test/test.py:9: this test will be skipped, to show how skipped tests are handled</skipped></testcase></testsuite></testsuites>