<?xml version="1.0" encoding="UTF-8"?>
<testsuite name="BasicTest" tests="4" skipped="1" failures="1" errors="0" timestamp="2026-06-26T18:24:16.778Z" hostname="LaptopRuben" time="0.023">
  <properties/>
  <testcase name="test_skip()" classname="BasicTest" time="0.0">
    <skipped/>
  </testcase>
  <testcase name="test_neg()" classname="BasicTest" time="0.009"/>
  <testcase name="test_pos()" classname="BasicTest" time="0.007">
    <failure message="org.opentest4j.AssertionFailedError: expected: &lt;true&gt; but was: &lt;false&gt;" type="org.opentest4j.AssertionFailedError">org.opentest4j.AssertionFailedError: expected: &lt;true&gt; but was: &lt;false&gt;
	at app//org.junit.jupiter.api.AssertionFailureBuilder.build(AssertionFailureBuilder.java:151)
	at app//org.junit.jupiter.api.AssertionFailureBuilder.buildAndThrow(AssertionFailureBuilder.java:132)
	at app//org.junit.jupiter.api.AssertTrue.failNotTrue(AssertTrue.java:63)
	at app//org.junit.jupiter.api.AssertTrue.assertTrue(AssertTrue.java:36)
	at app//org.junit.jupiter.api.AssertTrue.assertTrue(AssertTrue.java:31)
	at app//org.junit.jupiter.api.Assertions.assertTrue(Assertions.java:183)
	at app//BasicTest.test_pos(BasicTest.java:15)
	at java.base@21.0.12/java.lang.reflect.Method.invoke(Method.java:580)
	at java.base@21.0.12/java.util.ArrayList.forEach(ArrayList.java:1596)
	at java.base@21.0.12/java.util.ArrayList.forEach(ArrayList.java:1596)
</failure>
  </testcase>
  <testcase name="test_same_name()" classname="BasicTest" time="0.001"/>
  <system-out><![CDATA[]]></system-out>
  <system-err><![CDATA[]]></system-err>
</testsuite>
