<testsuites name="hspec-tests">
    <testsuite name="BasicTests" package="BasicTests" id="0" time="0.000657518"
        timestamp="2026-06-24T12:34:07.309747138Z" hostname="localhost" tests="4" failures="1"
        errors="0" skipped="1">
        <properties />
        <testcase file="test/hspec/test.hs" line="29" name="test_same_name" classname="BasicTests"
            time="0.000269207" />
        <testcase file="test/hspec/test.hs" line="27" name="test_skip" classname="BasicTests"
            time="0.000028536">
            <skipped>test/hspec/test.hs:27:7
                this test will be skipped, to show how skipped tests are handled</skipped>
        </testcase>
        <testcase file="test/hspec/test.hs" line="23" name="test_pos" classname="BasicTests"
            time="0.000056831">
            <failure type="error">Falsified (after 1 test):
</failure>
        </testcase>
        <testcase file="test/hspec/test.hs" line="20" name="test_neg" classname="BasicTests"
            time="0.000302944" />
    </testsuite>
</testsuites>