<?xml version='1.0'?>
<testsuites errors="0" failures="1" tests="5" time="0.001">
    <testsuite name="AllTests" tests="5">
        <testsuite name="Test1" tests="4">
            <testcase name="test_neg" time="0.000" classname="AllTests.Test1" />
            <testcase name="test_pos" time="0.000" classname="AllTests.Test1">
                <failure>*** Failed! Falsified (after 1 test):
                    Use --quickcheck-replay=&quot;(SMGen 10439909808520844277
                    18219736758296689565,0)&quot; to reproduce.</failure>
            </testcase>
            <testcase name="test_skip" time="0.000" classname="AllTests.Test1" />
            <testcase name="test_same_name" time="0.000" classname="AllTests.Test1" />
        </testsuite>
        <testsuite name="Test2" tests="1">
            <testcase name="test_same_name" time="0.000" classname="AllTests.Test2" />
        </testsuite>
    </testsuite>
</testsuites>